mode: set
github.com/lelemita/nomadcoin/utils/utils.go:16.27,17.16 1 1
github.com/lelemita/nomadcoin/utils/utils.go:17.16,19.3 1 1
github.com/lelemita/nomadcoin/utils/utils.go:22.36,27.2 4 1
github.com/lelemita/nomadcoin/utils/utils.go:30.50,33.2 2 0
github.com/lelemita/nomadcoin/utils/utils.go:36.33,40.2 3 1
github.com/lelemita/nomadcoin/utils/utils.go:42.51,44.18 2 1
github.com/lelemita/nomadcoin/utils/utils.go:47.2,47.13 1 1
github.com/lelemita/nomadcoin/utils/utils.go:44.18,46.3 1 1
github.com/lelemita/nomadcoin/utils/utils.go:50.35,54.2 3 0
